<?xml version="1.0" encoding="UTF-8"?>
<!-- Generated by org.testng.reporters.JUnitReportReporter -->
<testsuite hostname="Dolon-PC" name="com.wordpress.Testcases.VerifyWordpressLogin1" tests="1" failures="0" timestamp="15 Mar 2020 23:44:19 GMT" time="23.597" errors="0">
  <testcase name="verifyWordpressLogin" time="23.597" classname="com.wordpress.Testcases.VerifyWordpressLogin1"/>
</testsuite> <!-- com.wordpress.Testcases.VerifyWordpressLogin1 -->
