<?xml version="1.0" encoding="UTF-8"?>
<!-- Generated by org.testng.reporters.JUnitReportReporter -->
<testsuite hostname="Dolon-PC" name="com.wordpress.Testcases.VerifyWordpressLogin" tests="1" failures="0" timestamp="16 Mar 2020 22:01:17 GMT" time="15.806" errors="0">
  <testcase name="verifyWordpressLogin" time="15.806" classname="com.wordpress.Testcases.VerifyWordpressLogin"/>
</testsuite> <!-- com.wordpress.Testcases.VerifyWordpressLogin -->
